<?xml version="1.0" encoding="UTF-8"?>
<!-- Generated by org.testng.reporters.JUnitReportReporter -->
<testsuite skipped="0" hostname="DESKTOP-GO6K9TG" name="org.pom.TestNg" tests="1" failures="0" timestamp="17 Oct 2021 18:21:31 GMT" time="0.064" errors="0">
  <testcase name="tc1" time="0.064" classname="org.pom.TestNg"/>
</testsuite> <!-- org.pom.TestNg -->
